[debug] > Exec(early(addDefaultCommands), None, None)
[debug] > Exec(addDefaultCommands, None, None)
[debug] > Exec(early(initialize), None, None)
[debug] > Exec(initialize, None, None)
[debug] > Exec(boot, None, None)
[debug] > Exec(writeSbtVersion, None, None)
[debug] > Exec(reload, None, None)
[debug] > Exec(sbtStashOnFailure, None, None)
[debug] > Exec(onFailure loadFailed, None, None)
[debug] > Exec(loadp, None, None)
[info] welcome to sbt 1.9.2 (Amazon.com Inc. Java 17.0.6)
[debug]       Load.loadUnit: plugins took 241.2458ms
[debug]       Load.loadUnit: defsScala took 0.7862ms
[debug] [Loading] Scanning directory C:\Users\sangy\.sbt\1.0\plugins
[debug] [Loading] Found non-root projects 
[debug] [Loading] Done in C:\Users\sangy\.sbt\1.0\plugins, returning: ()
[debug] deducing auto plugins based on known facts Set(Atom(sbt.plugins.CorePlugin)) and clauses Clauses(Clause(Atom(sbt.plugins.JvmPlugin),Set(Atom(sbt.plugins.IvyPlugin)))
[debug] Clause(Atom(sbt.ScriptedPlugin),Set(Atom(sbt.plugins.JvmPlugin)))
[debug] Clause(Atom(sbt.plugins.SbtPlugin),Set(Atom(sbt.ScriptedPlugin)))
[debug] Clause(Atom(sbt.plugins.SemanticdbPlugin),Set(Atom(sbt.plugins.JvmPlugin)))
[debug] Clause(Atom(sbt.plugins.JUnitXmlReportPlugin),Set(Atom(sbt.plugins.JvmPlugin)))
[debug] Clause(Atom(sbt.plugins.MiniDependencyTreePlugin),Set(Atom(sbt.plugins.JvmPlugin)))
[debug] Clause(Atom(sbt.plugins.CorePlugin),Set(Atom(sbt.plugins.IvyPlugin)))
[debug] Clause(Atom(sbt.plugins.IvyPlugin),Set(Atom(sbt.plugins.JvmPlugin)))
[debug] Clause(Atom(sbt.plugins.JvmPlugin),Set(Atom(sbt.plugins.SemanticdbPlugin)))
[debug] Clause(Atom(sbt.plugins.JvmPlugin),Set(Atom(sbt.plugins.JUnitXmlReportPlugin)))
[debug] Clause(Atom(sbt.plugins.CorePlugin),Set(Atom(sbt.plugins.Giter8TemplatePlugin)))
[debug] Clause(Atom(sbt.plugins.JvmPlugin),Set(Atom(sbt.plugins.MiniDependencyTreePlugin))))
[debug]   :: deduced result: Matched(sbt.plugins.CorePlugin,sbt.plugins.Giter8TemplatePlugin,sbt.plugins.IvyPlugin,sbt.plugins.JvmPlugin,sbt.plugins.MiniDependencyTreePlugin,sbt.plugins.JUnitXmlReportPlugin,sbt.plugins.SemanticdbPlugin)
[debug] Plugins.deducer#function took 43.1522 ms
[debug]           Load.resolveProject(global-plugins) took 176.5597ms
[debug]         Load.loadTransitive: finalizeProject(Project(id global-plugins, base: C:\Users\sangy\.sbt\1.0\plugins, plugins: List(<none>))) took 271.5081ms
[debug] [Loading] Done in C:\Users\sangy\.sbt\1.0\plugins, returning: (global-plugins)
[debug]       Load.loadUnit: loadedProjectsRaw took 341.6981ms
[debug]       Load.loadUnit: cleanEvalClasses took 0.5304ms
[debug]     Load.loadUnit(file:/C:/Users/sangy/.sbt/1.0/plugins/, ...) took 606.5498ms
[debug]   Load.apply: load took 1233.5499ms
[debug]   Load.apply: resolveProjects took 18.5265ms
[debug]   Load.apply: finalTransforms took 165.9089ms
[debug]   Load.apply: config.delegates took 17.6766ms
[debug]   Load.apply: Def.make(settings)... took 1481.021ms
[debug]   Load.apply: structureIndex took 456.9184ms
[debug]   Load.apply: mkStreams took 6.8546ms
[info] loading global plugins from C:\Users\sangy\.sbt\1.0\plugins
[debug] Running task... Cancel: Signal, check cycles: false, forcegc: true
[debug] Load.defaultLoad until apply took 15667.0045ms
[debug]           Load.loadUnit: plugins took 194.3498ms
[debug]           Load.loadUnit: defsScala took 0.016ms
[debug] [Loading] Scanning directory C:\Users\sangy\IdeaProjects\AlphaZeroImplementation\project
[debug] [Loading] Found non-root projects 
[debug] [Loading] Done in C:\Users\sangy\IdeaProjects\AlphaZeroImplementation\project, returning: ()
[debug] deducing auto plugins based on known facts Set(Atom(sbt.plugins.CorePlugin)) and clauses Clauses(Clause(Atom(sbt.plugins.JvmPlugin),Set(Atom(sbt.plugins.IvyPlugin)))
[debug] Clause(Atom(sbt.ScriptedPlugin),Set(Atom(sbt.plugins.JvmPlugin)))
[debug] Clause(Atom(sbt.plugins.SbtPlugin),Set(Atom(sbt.ScriptedPlugin)))
[debug] Clause(Atom(sbt.plugins.SemanticdbPlugin),Set(Atom(sbt.plugins.JvmPlugin)))
[debug] Clause(Atom(sbt.plugins.JUnitXmlReportPlugin),Set(Atom(sbt.plugins.JvmPlugin)))
[debug] Clause(Atom(sbt.plugins.MiniDependencyTreePlugin),Set(Atom(sbt.plugins.JvmPlugin)))
[debug] Clause(Atom(sbt.plugins.CorePlugin),Set(Atom(sbt.plugins.IvyPlugin)))
[debug] Clause(Atom(sbt.plugins.IvyPlugin),Set(Atom(sbt.plugins.JvmPlugin)))
[debug] Clause(Atom(sbt.plugins.JvmPlugin),Set(Atom(sbt.plugins.SemanticdbPlugin)))
[debug] Clause(Atom(sbt.plugins.JvmPlugin),Set(Atom(sbt.plugins.JUnitXmlReportPlugin)))
[debug] Clause(Atom(sbt.plugins.CorePlugin),Set(Atom(sbt.plugins.Giter8TemplatePlugin)))
[debug] Clause(Atom(sbt.plugins.JvmPlugin),Set(Atom(sbt.plugins.MiniDependencyTreePlugin))))
[debug]   :: deduced result: Matched(sbt.plugins.CorePlugin,sbt.plugins.Giter8TemplatePlugin,sbt.plugins.IvyPlugin,sbt.plugins.JvmPlugin,sbt.plugins.MiniDependencyTreePlugin,sbt.plugins.JUnitXmlReportPlugin,sbt.plugins.SemanticdbPlugin)
[debug] Plugins.deducer#function took 5.7355 ms
[debug]               Load.resolveProject(alphazeroimplementation-build) took 36.1633ms
[debug]             Load.loadTransitive: finalizeProject(Project(id alphazeroimplementation-build, base: C:\Users\sangy\IdeaProjects\AlphaZeroImplementation\project, plugins: List(<none>))) took 47.9936ms
[debug] [Loading] Done in C:\Users\sangy\IdeaProjects\AlphaZeroImplementation\project, returning: (alphazeroimplementation-build)
[debug]           Load.loadUnit: loadedProjectsRaw took 69.2958ms
[debug]           Load.loadUnit: cleanEvalClasses took 0.1081ms
[debug]         Load.loadUnit(file:/C:/Users/sangy/IdeaProjects/AlphaZeroImplementation/project/, ...) took 292.2505ms
[debug]       Load.apply: load took 301.3944ms
[debug]       Load.apply: resolveProjects took 0.2191ms
[debug]       Load.apply: finalTransforms took 55.3653ms
[debug]       Load.apply: config.delegates took 0.8348ms
[debug]       Load.apply: Def.make(settings)... took 644.9754ms
[debug]       Load.apply: structureIndex took 337.7743ms
[debug]       Load.apply: mkStreams took 0.0069ms
[info] loading project definition from C:\Users\sangy\IdeaProjects\AlphaZeroImplementation\project
[debug] Running task... Cancel: Signal, check cycles: false, forcegc: true
[debug]     Load.loadUnit: plugins took 4810.6612ms
[debug]     Load.loadUnit: defsScala took 0.0124ms
[debug] [Loading] Scanning directory C:\Users\sangy\IdeaProjects\AlphaZeroImplementation
[debug]       Load.loadUnit: mkEval took 281.2354ms
[debug] [Loading] Found root project root w/ remaining 
[debug] deducing auto plugins based on known facts Set(Atom(sbt.plugins.CorePlugin)) and clauses Clauses(Clause(Atom(sbt.plugins.JvmPlugin),Set(Atom(sbt.plugins.IvyPlugin)))
[debug] Clause(Atom(sbt.ScriptedPlugin),Set(Atom(sbt.plugins.JvmPlugin)))
[debug] Clause(Atom(sbt.plugins.SbtPlugin),Set(Atom(sbt.ScriptedPlugin)))
[debug] Clause(Atom(sbt.plugins.SemanticdbPlugin),Set(Atom(sbt.plugins.JvmPlugin)))
[debug] Clause(Atom(sbt.plugins.JUnitXmlReportPlugin),Set(Atom(sbt.plugins.JvmPlugin)))
[debug] Clause(Atom(sbt.plugins.MiniDependencyTreePlugin),Set(Atom(sbt.plugins.JvmPlugin)))
[debug] Clause(Atom(sbt.plugins.CorePlugin),Set(Atom(sbt.plugins.IvyPlugin)))
[debug] Clause(Atom(sbt.plugins.IvyPlugin),Set(Atom(sbt.plugins.JvmPlugin)))
[debug] Clause(Atom(sbt.plugins.JvmPlugin),Set(Atom(sbt.plugins.SemanticdbPlugin)))
[debug] Clause(Atom(sbt.plugins.JvmPlugin),Set(Atom(sbt.plugins.JUnitXmlReportPlugin)))
[debug] Clause(Atom(sbt.plugins.CorePlugin),Set(Atom(sbt.plugins.Giter8TemplatePlugin)))
[debug] Clause(Atom(sbt.plugins.JvmPlugin),Set(Atom(sbt.plugins.MiniDependencyTreePlugin))))
[debug]   :: deduced result: Matched(sbt.plugins.CorePlugin,sbt.plugins.Giter8TemplatePlugin,sbt.plugins.IvyPlugin,sbt.plugins.JvmPlugin,sbt.plugins.MiniDependencyTreePlugin,sbt.plugins.JUnitXmlReportPlugin,sbt.plugins.SemanticdbPlugin)
[debug] Plugins.deducer#function took 6.1428 ms
[info] loading settings for project root from build.sbt ...
[debug]         Load.resolveProject(root) took 22.7583ms
[debug]       Load.loadTransitive: finalizeProject(Project(id root, base: C:\Users\sangy\IdeaProjects\AlphaZeroImplementation, plugins: List(<none>))) took 32.349ms
[debug] [Loading] Done in C:\Users\sangy\IdeaProjects\AlphaZeroImplementation, returning: (root)
[debug]     Load.loadUnit: loadedProjectsRaw took 5814.0733ms
[debug]     Load.loadUnit: cleanEvalClasses took 242.4622ms
[debug]   Load.loadUnit(file:/C:/Users/sangy/IdeaProjects/AlphaZeroImplementation/, ...) took 10869.7525ms
[debug] Load.apply: load took 10882.2524ms
[debug] Load.apply: resolveProjects took 0.5335ms
[debug] Load.apply: finalTransforms took 45.9272ms
[debug] Load.apply: config.delegates took 1.0731ms
[debug] Load.apply: Def.make(settings)... took 353.0716ms
[debug] Load.apply: structureIndex took 126.3021ms
[debug] Load.apply: mkStreams took 0.0061ms
[info] set current project to AlphaZeroImplementation (in build file:/C:/Users/sangy/IdeaProjects/AlphaZeroImplementation/)
[debug] > Exec(sbtPopOnFailure, None, None)
[debug] > Exec(resumeFromFailure, None, None)
[debug] > Exec(notifyUsersAboutShell, None, None)
[debug] > Exec(iflast shell, None, None)
[debug] > Exec(shell, None, None)
[info] sbt server started at local:sbt-server-90fddbec911d84216876
[debug] Writing bsp connection file
[info] started sbt server
