[debug] > Exec(early(addDefaultCommands), None, None)
[debug] > Exec(addDefaultCommands, None, None)
[debug] > Exec(early(initialize), None, None)
[debug] > Exec(initialize, None, None)
[debug] > Exec(boot, None, None)
[debug] > Exec(writeSbtVersion, None, None)
[debug] > Exec(reload, None, None)
[debug] > Exec(sbtStashOnFailure, None, None)
[debug] > Exec(onFailure loadFailed, None, None)
[debug] > Exec(loadp, None, None)
[info] welcome to sbt 1.9.2 (Amazon.com Inc. Java 17.0.6)
[debug]       Load.loadUnit: plugins took 215.2737ms
[debug]       Load.loadUnit: defsScala took 0.615ms
[debug] [Loading] Scanning directory C:\Users\sangy\.sbt\1.0\plugins
[debug] [Loading] Found non-root projects 
[debug] [Loading] Done in C:\Users\sangy\.sbt\1.0\plugins, returning: ()
[debug] deducing auto plugins based on known facts Set(Atom(sbt.plugins.CorePlugin)) and clauses Clauses(Clause(Atom(sbt.plugins.JvmPlugin),Set(Atom(sbt.plugins.IvyPlugin)))
[debug] Clause(Atom(sbt.ScriptedPlugin),Set(Atom(sbt.plugins.JvmPlugin)))
[debug] Clause(Atom(sbt.plugins.SbtPlugin),Set(Atom(sbt.ScriptedPlugin)))
[debug] Clause(Atom(sbt.plugins.SemanticdbPlugin),Set(Atom(sbt.plugins.JvmPlugin)))
[debug] Clause(Atom(sbt.plugins.JUnitXmlReportPlugin),Set(Atom(sbt.plugins.JvmPlugin)))
[debug] Clause(Atom(sbt.plugins.MiniDependencyTreePlugin),Set(Atom(sbt.plugins.JvmPlugin)))
[debug] Clause(Atom(sbt.plugins.CorePlugin),Set(Atom(sbt.plugins.IvyPlugin)))
[debug] Clause(Atom(sbt.plugins.IvyPlugin),Set(Atom(sbt.plugins.JvmPlugin)))
[debug] Clause(Atom(sbt.plugins.JvmPlugin),Set(Atom(sbt.plugins.SemanticdbPlugin)))
[debug] Clause(Atom(sbt.plugins.JvmPlugin),Set(Atom(sbt.plugins.JUnitXmlReportPlugin)))
[debug] Clause(Atom(sbt.plugins.CorePlugin),Set(Atom(sbt.plugins.Giter8TemplatePlugin)))
[debug] Clause(Atom(sbt.plugins.JvmPlugin),Set(Atom(sbt.plugins.MiniDependencyTreePlugin))))
[debug]   :: deduced result: Matched(sbt.plugins.CorePlugin,sbt.plugins.Giter8TemplatePlugin,sbt.plugins.IvyPlugin,sbt.plugins.JvmPlugin,sbt.plugins.MiniDependencyTreePlugin,sbt.plugins.JUnitXmlReportPlugin,sbt.plugins.SemanticdbPlugin)
[debug] Plugins.deducer#function took 57.1796 ms
[debug]           Load.resolveProject(global-plugins) took 92.2596ms
[debug]         Load.loadTransitive: finalizeProject(Project(id global-plugins, base: C:\Users\sangy\.sbt\1.0\plugins, plugins: List(<none>))) took 217.4279ms
[debug] [Loading] Done in C:\Users\sangy\.sbt\1.0\plugins, returning: (global-plugins)
[debug]       Load.loadUnit: loadedProjectsRaw took 288.5623ms
[debug]       Load.loadUnit: cleanEvalClasses took 0.5271ms
[debug]     Load.loadUnit(file:/C:/Users/sangy/.sbt/1.0/plugins/, ...) took 529.009ms
[debug]   Load.apply: load took 982.4843ms
[debug]   Load.apply: resolveProjects took 13.932ms
[debug]   Load.apply: finalTransforms took 109.6396ms
[debug]   Load.apply: config.delegates took 13.1869ms
[debug]   Load.apply: Def.make(settings)... took 872.7848ms
[debug]   Load.apply: structureIndex took 145.5605ms
[debug]   Load.apply: mkStreams took 2.024ms
[info] loading global plugins from C:\Users\sangy\.sbt\1.0\plugins
[debug] Running task... Cancel: Signal, check cycles: false, forcegc: true
[debug] Load.defaultLoad until apply took 5805.8012ms
[debug]           Load.loadUnit: plugins took 46.1551ms
[debug]           Load.loadUnit: defsScala took 0.0071ms
[debug] [Loading] Scanning directory C:\Users\sangy\IdeaProjects\AlphaZeroImplementation\project
[debug] [Loading] Found non-root projects 
[debug] [Loading] Done in C:\Users\sangy\IdeaProjects\AlphaZeroImplementation\project, returning: ()
[debug] deducing auto plugins based on known facts Set(Atom(sbt.plugins.CorePlugin)) and clauses Clauses(Clause(Atom(sbt.plugins.JvmPlugin),Set(Atom(sbt.plugins.IvyPlugin)))
[debug] Clause(Atom(sbt.ScriptedPlugin),Set(Atom(sbt.plugins.JvmPlugin)))
[debug] Clause(Atom(sbt.plugins.SbtPlugin),Set(Atom(sbt.ScriptedPlugin)))
[debug] Clause(Atom(sbt.plugins.SemanticdbPlugin),Set(Atom(sbt.plugins.JvmPlugin)))
[debug] Clause(Atom(sbt.plugins.JUnitXmlReportPlugin),Set(Atom(sbt.plugins.JvmPlugin)))
[debug] Clause(Atom(sbt.plugins.MiniDependencyTreePlugin),Set(Atom(sbt.plugins.JvmPlugin)))
[debug] Clause(Atom(sbt.plugins.CorePlugin),Set(Atom(sbt.plugins.IvyPlugin)))
[debug] Clause(Atom(sbt.plugins.IvyPlugin),Set(Atom(sbt.plugins.JvmPlugin)))
[debug] Clause(Atom(sbt.plugins.JvmPlugin),Set(Atom(sbt.plugins.SemanticdbPlugin)))
[debug] Clause(Atom(sbt.plugins.JvmPlugin),Set(Atom(sbt.plugins.JUnitXmlReportPlugin)))
[debug] Clause(Atom(sbt.plugins.CorePlugin),Set(Atom(sbt.plugins.Giter8TemplatePlugin)))
[debug] Clause(Atom(sbt.plugins.JvmPlugin),Set(Atom(sbt.plugins.MiniDependencyTreePlugin))))
[debug]   :: deduced result: Matched(sbt.plugins.CorePlugin,sbt.plugins.Giter8TemplatePlugin,sbt.plugins.IvyPlugin,sbt.plugins.JvmPlugin,sbt.plugins.MiniDependencyTreePlugin,sbt.plugins.JUnitXmlReportPlugin,sbt.plugins.SemanticdbPlugin)
[debug] Plugins.deducer#function took 4.5145 ms
[debug]               Load.resolveProject(alphazeroimplementation-build) took 3.676ms
[debug]             Load.loadTransitive: finalizeProject(Project(id alphazeroimplementation-build, base: C:\Users\sangy\IdeaProjects\AlphaZeroImplementation\project, plugins: List(<none>))) took 9.1423ms
[debug] [Loading] Done in C:\Users\sangy\IdeaProjects\AlphaZeroImplementation\project, returning: (alphazeroimplementation-build)
[debug]           Load.loadUnit: loadedProjectsRaw took 14.1523ms
[debug]           Load.loadUnit: cleanEvalClasses took 0.0271ms
[debug]         Load.loadUnit(file:/C:/Users/sangy/IdeaProjects/AlphaZeroImplementation/project/, ...) took 61.8618ms
[debug]       Load.apply: load took 64.7909ms
[debug]       Load.apply: resolveProjects took 0.1676ms
[debug]       Load.apply: finalTransforms took 21.6121ms
[debug]       Load.apply: config.delegates took 1.2825ms
[debug]       Load.apply: Def.make(settings)... took 137.7326ms
[debug]       Load.apply: structureIndex took 70.2947ms
[debug]       Load.apply: mkStreams took 0.0035ms
[info] loading project definition from C:\Users\sangy\IdeaProjects\AlphaZeroImplementation\project
[debug] Running task... Cancel: Signal, check cycles: false, forcegc: true
[debug]     Load.loadUnit: plugins took 2351.4394ms
[debug]     Load.loadUnit: defsScala took 0.0051ms
[debug] [Loading] Scanning directory C:\Users\sangy\IdeaProjects\AlphaZeroImplementation
[debug]       Load.loadUnit: mkEval took 12.1871ms
[debug] [Loading] Found root project root w/ remaining 
[debug] deducing auto plugins based on known facts Set(Atom(sbt.plugins.CorePlugin)) and clauses Clauses(Clause(Atom(sbt.plugins.JvmPlugin),Set(Atom(sbt.plugins.IvyPlugin)))
[debug] Clause(Atom(sbt.ScriptedPlugin),Set(Atom(sbt.plugins.JvmPlugin)))
[debug] Clause(Atom(sbt.plugins.SbtPlugin),Set(Atom(sbt.ScriptedPlugin)))
[debug] Clause(Atom(sbt.plugins.SemanticdbPlugin),Set(Atom(sbt.plugins.JvmPlugin)))
[debug] Clause(Atom(sbt.plugins.JUnitXmlReportPlugin),Set(Atom(sbt.plugins.JvmPlugin)))
[debug] Clause(Atom(sbt.plugins.MiniDependencyTreePlugin),Set(Atom(sbt.plugins.JvmPlugin)))
[debug] Clause(Atom(sbt.plugins.CorePlugin),Set(Atom(sbt.plugins.IvyPlugin)))
[debug] Clause(Atom(sbt.plugins.IvyPlugin),Set(Atom(sbt.plugins.JvmPlugin)))
[debug] Clause(Atom(sbt.plugins.JvmPlugin),Set(Atom(sbt.plugins.SemanticdbPlugin)))
[debug] Clause(Atom(sbt.plugins.JvmPlugin),Set(Atom(sbt.plugins.JUnitXmlReportPlugin)))
[debug] Clause(Atom(sbt.plugins.CorePlugin),Set(Atom(sbt.plugins.Giter8TemplatePlugin)))
[debug] Clause(Atom(sbt.plugins.JvmPlugin),Set(Atom(sbt.plugins.MiniDependencyTreePlugin))))
[debug]   :: deduced result: Matched(sbt.plugins.CorePlugin,sbt.plugins.Giter8TemplatePlugin,sbt.plugins.IvyPlugin,sbt.plugins.JvmPlugin,sbt.plugins.MiniDependencyTreePlugin,sbt.plugins.JUnitXmlReportPlugin,sbt.plugins.SemanticdbPlugin)
[debug] Plugins.deducer#function took 3.2376 ms
[info] loading settings for project root from build.sbt ...
[debug]         Load.resolveProject(root) took 5.035ms
[debug]       Load.loadTransitive: finalizeProject(Project(id root, base: C:\Users\sangy\IdeaProjects\AlphaZeroImplementation, plugins: List(<none>))) took 9.9212ms
[debug] [Loading] Done in C:\Users\sangy\IdeaProjects\AlphaZeroImplementation, returning: (root)
[debug]     Load.loadUnit: loadedProjectsRaw took 4047.743ms
[debug]     Load.loadUnit: cleanEvalClasses took 20.7938ms
[debug]   Load.loadUnit(file:/C:/Users/sangy/IdeaProjects/AlphaZeroImplementation/, ...) took 6421.4449ms
[debug] Load.apply: load took 6424.3618ms
[debug] Load.apply: resolveProjects took 0.1782ms
[debug] Load.apply: finalTransforms took 19.0399ms
[debug] Load.apply: config.delegates took 0.4294ms
[debug] Load.apply: Def.make(settings)... took 121.1854ms
[debug] Load.apply: structureIndex took 67.4254ms
[debug] Load.apply: mkStreams took 0.0026ms
[info] set current project to AlphaZeroImplementation (in build file:/C:/Users/sangy/IdeaProjects/AlphaZeroImplementation/)
[debug] > Exec(sbtPopOnFailure, None, None)
[debug] > Exec(resumeFromFailure, None, None)
[debug] > Exec(notifyUsersAboutShell, None, None)
[debug] > Exec(iflast shell, None, None)
[debug] > Exec(shell, None, None)
[info] sbt server started at local:sbt-server-90fddbec911d84216876
[debug] Writing bsp connection file
[info] started sbt server
